# JRE version: Java(TM) SE Runtime Environment (20.0.1+9) (build 20.0.1+9-29)
# Java VM: Java HotSpot(TM) 64-Bit Server VM (20.0.1+9-29, mixed mode, sharing, tiered, compressed oops, compressed class ptrs, g1 gc, windows-amd64)
GC Precious Log:
 CardTable entry size: 512
 Card Set container configuration: InlinePtr #cards 5 size 8 Array Of Cards #cards 12 size 40 Howl #buckets 4 coarsen threshold 1843 Howl Bitmap #cards 512 size 80 coarsen threshold 460 Card regions per heap region 1 cards per card region 2048
 CPUs: 4 total, 4 available
 Memory: 8045M
 Large Page Support: Disabled
 NUMA Support: Disabled
 Compressed Oops: Enabled (32-bit)
 Heap Region Size: 1M
 Heap Min Capacity: 8M
 Heap Initial Capacity: 126M
 Heap Max Capacity: 2012M
 Pre-touch: Disabled
 Parallel Workers: 4
 Concurrent Workers: 1
 Concurrent Refinement Workers: 4
 Periodic GC: Disabled
Heap:
 garbage-first heap   total 51200K, used 20517K [0x0000000082400000, 0x0000000100000000)
  region size 1024K, 1 young (1024K), 1 survivors (1024K)
 Metaspace       used 35444K, committed 36032K, reserved 1114112K
  class space    used 4505K, committed 4736K, reserved 1048576K
GC Heap History (16 events):
Event: 1.255 GC heap before
{Heap before GC invocations=0 (full 0):
 garbage-first heap   total 129024K, used 13312K [0x0000000082400000, 0x0000000100000000)
  region size 1024K, 13 young (13312K), 0 survivors (0K)
 Metaspace       used 2280K, committed 2368K, reserved 1114112K
  class space    used 205K, committed 256K, reserved 1048576K
}
Event: 1.258 GC heap after
{Heap after GC invocations=1 (full 0):
 garbage-first heap   total 129024K, used 6357K [0x0000000082400000, 0x0000000100000000)
  region size 1024K, 2 young (2048K), 2 survivors (2048K)
 Metaspace       used 2280K, committed 2368K, reserved 1114112K
  class space    used 205K, committed 256K, reserved 1048576K
}
Event: 1.761 GC heap before
{Heap before GC invocations=1 (full 0):
 garbage-first heap   total 129024K, used 19669K [0x0000000082400000, 0x0000000100000000)
  region size 1024K, 15 young (15360K), 2 survivors (2048K)
 Metaspace       used 5065K, committed 5248K, reserved 1114112K
  class space    used 553K, committed 640K, reserved 1048576K
}
Event: 1.764 GC heap after
{Heap after GC invocations=2 (full 0):
 garbage-first heap   total 129024K, used 7079K [0x0000000082400000, 0x0000000100000000)
  region size 1024K, 1 young (1024K), 1 survivors (1024K)
 Metaspace       used 5065K, committed 5248K, reserved 1114112K
  class space    used 553K, committed 640K, reserved 1048576K
}
Event: 2.569 GC heap before
{Heap before GC invocations=2 (full 0):
 garbage-first heap   total 129024K, used 36775K [0x0000000082400000, 0x0000000100000000)
  region size 1024K, 31 young (31744K), 1 survivors (1024K)
 Metaspace       used 11810K, committed 12032K, reserved 1114112K
  class space    used 1375K, committed 1472K, reserved 1048576K
}
Event: 2.573 GC heap after
{Heap after GC invocations=3 (full 0):
 garbage-first heap   total 129024K, used 9427K [0x0000000082400000, 0x0000000100000000)
  region size 1024K, 3 young (3072K), 3 survivors (3072K)
 Metaspace       used 11810K, committed 12032K, reserved 1114112K
  class space    used 1375K, committed 1472K, reserved 1048576K
}
Event: 4.451 GC heap before
{Heap before GC invocations=3 (full 0):
 garbage-first heap   total 129024K, used 68819K [0x0000000082400000, 0x0000000100000000)
  region size 1024K, 63 young (64512K), 3 survivors (3072K)
 Metaspace       used 21283K, committed 21504K, reserved 1114112K
  class space    used 2526K, committed 2624K, reserved 1048576K
}
Event: 4.460 GC heap after
{Heap after GC invocations=4 (full 0):
 garbage-first heap   total 129024K, used 13462K [0x0000000082400000, 0x0000000100000000)
  region size 1024K, 7 young (7168K), 7 survivors (7168K)
 Metaspace       used 21283K, committed 21504K, reserved 1114112K
  class space    used 2526K, committed 2624K, reserved 1048576K
}
Event: 5.208 GC heap before
{Heap before GC invocations=5 (full 0):
 garbage-first heap   total 51200K, used 37014K [0x0000000082400000, 0x0000000100000000)
  region size 1024K, 30 young (30720K), 7 survivors (7168K)
 Metaspace       used 25650K, committed 26112K, reserved 1114112K
  class space    used 3177K, committed 3392K, reserved 1048576K
}
Event: 5.217 GC heap after
{Heap after GC invocations=6 (full 0):
 garbage-first heap   total 51200K, used 16189K [0x0000000082400000, 0x0000000100000000)
  region size 1024K, 3 young (3072K), 3 survivors (3072K)
 Metaspace       used 25650K, committed 26112K, reserved 1114112K
  class space    used 3177K, committed 3392K, reserved 1048576K
}
Event: 6.042 GC heap before
{Heap before GC invocations=6 (full 0):
 garbage-first heap   total 51200K, used 39741K [0x0000000082400000, 0x0000000100000000)
  region size 1024K, 26 young (26624K), 3 survivors (3072K)
 Metaspace       used 29562K, committed 30080K, reserved 1114112K
  class space    used 3631K, committed 3904K, reserved 1048576K
}
Event: 6.051 GC heap after
{Heap after GC invocations=7 (full 0):
 garbage-first heap   total 51200K, used 17875K [0x0000000082400000, 0x0000000100000000)
  region size 1024K, 3 young (3072K), 3 survivors (3072K)
 Metaspace       used 29562K, committed 30080K, reserved 1114112K
  class space    used 3631K, committed 3904K, reserved 1048576K
}
Event: 6.718 GC heap before
{Heap before GC invocations=7 (full 0):
 garbage-first heap   total 51200K, used 41427K [0x0000000082400000, 0x0000000100000000)
  region size 1024K, 26 young (26624K), 3 survivors (3072K)
 Metaspace       used 34583K, committed 35072K, reserved 1114112K
  class space    used 4347K, committed 4544K, reserved 1048576K
}
Event: 6.724 GC heap after
{Heap after GC invocations=8 (full 0):
 garbage-first heap   total 51200K, used 20008K [0x0000000082400000, 0x0000000100000000)
  region size 1024K, 2 young (2048K), 2 survivors (2048K)
 Metaspace       used 34583K, committed 35072K, reserved 1114112K
  class space    used 4347K, committed 4544K, reserved 1048576K
}
Event: 6.866 GC heap before
{Heap before GC invocations=8 (full 0):
 garbage-first heap   total 51200K, used 25128K [0x0000000082400000, 0x0000000100000000)
  region size 1024K, 8 young (8192K), 2 survivors (2048K)
 Metaspace       used 35444K, committed 35968K, reserved 1114112K
  class space    used 4505K, committed 4736K, reserved 1048576K
}
Event: 6.870 GC heap after
{Heap after GC invocations=9 (full 0):
 garbage-first heap   total 51200K, used 20517K [0x0000000082400000, 0x0000000100000000)
  region size 1024K, 1 young (1024K), 1 survivors (1024K)
 Metaspace       used 35444K, committed 35968K, reserved 1114112K
  class space    used 4505K, committed 4736K, reserved 1048576K
}

