# JRE version: Java(TM) SE Runtime Environment (20.0.1+9) (build 20.0.1+9-29)
# Java VM: Java HotSpot(TM) 64-Bit Server VM (20.0.1+9-29, mixed mode, sharing, tiered, compressed oops, compressed class ptrs, g1 gc, windows-amd64)
GC Precious Log:
 CardTable entry size: 512
 Card Set container configuration: InlinePtr #cards 5 size 8 Array Of Cards #cards 12 size 40 Howl #buckets 4 coarsen threshold 1843 Howl Bitmap #cards 512 size 80 coarsen threshold 460 Card regions per heap region 1 cards per card region 2048
 CPUs: 4 total, 4 available
 Memory: 8045M
 Large Page Support: Disabled
 NUMA Support: Disabled
 Compressed Oops: Enabled (32-bit)
 Heap Region Size: 1M
 Heap Min Capacity: 8M
 Heap Initial Capacity: 126M
 Heap Max Capacity: 2012M
 Pre-touch: Disabled
 Parallel Workers: 4
 Concurrent Workers: 1
 Concurrent Refinement Workers: 4
 Periodic GC: Disabled
Heap:
 garbage-first heap   total 51200K, used 28836K [0x0000000082400000, 0x0000000100000000)
  region size 1024K, 8 young (8192K), 2 survivors (2048K)
 Metaspace       used 43267K, committed 43968K, reserved 1114112K
  class space    used 5637K, committed 5952K, reserved 1048576K
GC Heap History (20 events):
Event: 0.438 GC heap before
{Heap before GC invocations=0 (full 0):
 garbage-first heap   total 129024K, used 14336K [0x0000000082400000, 0x0000000100000000)
  region size 1024K, 13 young (13312K), 0 survivors (0K)
 Metaspace       used 3276K, committed 3456K, reserved 1114112K
  class space    used 335K, committed 448K, reserved 1048576K
}
Event: 0.442 GC heap after
{Heap after GC invocations=1 (full 0):
 garbage-first heap   total 129024K, used 6744K [0x0000000082400000, 0x0000000100000000)
  region size 1024K, 2 young (2048K), 2 survivors (2048K)
 Metaspace       used 3276K, committed 3456K, reserved 1114112K
  class space    used 335K, committed 448K, reserved 1048576K
}
Event: 0.751 GC heap before
{Heap before GC invocations=1 (full 0):
 garbage-first heap   total 129024K, used 19032K [0x0000000082400000, 0x0000000100000000)
  region size 1024K, 15 young (15360K), 2 survivors (2048K)
 Metaspace       used 6748K, committed 6912K, reserved 1114112K
  class space    used 776K, committed 832K, reserved 1048576K
}
Event: 0.754 GC heap after
{Heap after GC invocations=2 (full 0):
 garbage-first heap   total 129024K, used 7674K [0x0000000082400000, 0x0000000100000000)
  region size 1024K, 1 young (1024K), 1 survivors (1024K)
 Metaspace       used 6748K, committed 6912K, reserved 1114112K
  class space    used 776K, committed 832K, reserved 1048576K
}
Event: 1.209 GC heap before
{Heap before GC invocations=2 (full 0):
 garbage-first heap   total 129024K, used 35322K [0x0000000082400000, 0x0000000100000000)
  region size 1024K, 29 young (29696K), 1 survivors (1024K)
 Metaspace       used 14435K, committed 14656K, reserved 1114112K
  class space    used 1697K, committed 1792K, reserved 1048576K
}
Event: 1.213 GC heap after
{Heap after GC invocations=3 (full 0):
 garbage-first heap   total 129024K, used 10210K [0x0000000082400000, 0x0000000100000000)
  region size 1024K, 4 young (4096K), 4 survivors (4096K)
 Metaspace       used 14435K, committed 14656K, reserved 1114112K
  class space    used 1697K, committed 1792K, reserved 1048576K
}
Event: 2.261 GC heap before
{Heap before GC invocations=3 (full 0):
 garbage-first heap   total 129024K, used 53218K [0x0000000082400000, 0x0000000100000000)
  region size 1024K, 48 young (49152K), 4 survivors (4096K)
 Metaspace       used 21185K, committed 21504K, reserved 1114112K
  class space    used 2530K, committed 2688K, reserved 1048576K
}
Event: 2.268 GC heap after
{Heap after GC invocations=4 (full 0):
 garbage-first heap   total 129024K, used 13907K [0x0000000082400000, 0x0000000100000000)
  region size 1024K, 7 young (7168K), 7 survivors (7168K)
 Metaspace       used 21185K, committed 21504K, reserved 1114112K
  class space    used 2530K, committed 2688K, reserved 1048576K
}
Event: 2.876 GC heap before
{Heap before GC invocations=5 (full 0):
 garbage-first heap   total 51200K, used 37459K [0x0000000082400000, 0x0000000100000000)
  region size 1024K, 30 young (30720K), 7 survivors (7168K)
 Metaspace       used 25774K, committed 26176K, reserved 1114112K
  class space    used 3227K, committed 3392K, reserved 1048576K
}
Event: 2.885 GC heap after
{Heap after GC invocations=6 (full 0):
 garbage-first heap   total 51200K, used 16468K [0x0000000082400000, 0x0000000100000000)
  region size 1024K, 3 young (3072K), 3 survivors (3072K)
 Metaspace       used 25774K, committed 26176K, reserved 1114112K
  class space    used 3227K, committed 3392K, reserved 1048576K
}
Event: 3.436 GC heap before
{Heap before GC invocations=6 (full 0):
 garbage-first heap   total 51200K, used 38996K [0x0000000082400000, 0x0000000100000000)
  region size 1024K, 25 young (25600K), 3 survivors (3072K)
 Metaspace       used 30396K, committed 30912K, reserved 1114112K
  class space    used 3785K, committed 3968K, reserved 1048576K
}
Event: 3.444 GC heap after
{Heap after GC invocations=7 (full 0):
 garbage-first heap   total 51200K, used 18187K [0x0000000082400000, 0x0000000100000000)
  region size 1024K, 3 young (3072K), 3 survivors (3072K)
 Metaspace       used 30396K, committed 30912K, reserved 1114112K
  class space    used 3785K, committed 3968K, reserved 1048576K
}
Event: 3.895 GC heap before
{Heap before GC invocations=7 (full 0):
 garbage-first heap   total 51200K, used 40715K [0x0000000082400000, 0x0000000100000000)
  region size 1024K, 25 young (25600K), 3 survivors (3072K)
 Metaspace       used 35360K, committed 35840K, reserved 1114112K
  class space    used 4510K, committed 4736K, reserved 1048576K
}
Event: 3.900 GC heap after
{Heap after GC invocations=8 (full 0):
 garbage-first heap   total 51200K, used 20529K [0x0000000082400000, 0x0000000100000000)
  region size 1024K, 3 young (3072K), 3 survivors (3072K)
 Metaspace       used 35360K, committed 35840K, reserved 1114112K
  class space    used 4510K, committed 4736K, reserved 1048576K
}
Event: 3.902 GC heap before
{Heap before GC invocations=8 (full 0):
 garbage-first heap   total 51200K, used 20529K [0x0000000082400000, 0x0000000100000000)
  region size 1024K, 4 young (4096K), 3 survivors (3072K)
 Metaspace       used 35437K, committed 35968K, reserved 1114112K
  class space    used 4513K, committed 4736K, reserved 1048576K
}
Event: 3.905 GC heap after
{Heap after GC invocations=9 (full 0):
 garbage-first heap   total 51200K, used 20723K [0x0000000082400000, 0x0000000100000000)
  region size 1024K, 1 young (1024K), 1 survivors (1024K)
 Metaspace       used 35437K, committed 35968K, reserved 1114112K
  class space    used 4513K, committed 4736K, reserved 1048576K
}
Event: 4.347 GC heap before
{Heap before GC invocations=10 (full 0):
 garbage-first heap   total 51200K, used 43251K [0x0000000082400000, 0x0000000100000000)
  region size 1024K, 23 young (23552K), 1 survivors (1024K)
 Metaspace       used 38685K, committed 39296K, reserved 1114112K
  class space    used 4991K, committed 5248K, reserved 1048576K
}
Event: 4.349 GC heap after
{Heap after GC invocations=11 (full 0):
 garbage-first heap   total 51200K, used 22356K [0x0000000082400000, 0x0000000100000000)
  region size 1024K, 2 young (2048K), 2 survivors (2048K)
 Metaspace       used 38685K, committed 39296K, reserved 1114112K
  class space    used 4991K, committed 5248K, reserved 1048576K
}
Event: 9.532 GC heap before
{Heap before GC invocations=11 (full 0):
 garbage-first heap   total 51200K, used 43860K [0x0000000082400000, 0x0000000100000000)
  region size 1024K, 23 young (23552K), 2 survivors (2048K)
 Metaspace       used 41645K, committed 42304K, reserved 1114112K
  class space    used 5433K, committed 5760K, reserved 1048576K
}
Event: 9.537 GC heap after
{Heap after GC invocations=12 (full 0):
 garbage-first heap   total 51200K, used 23716K [0x0000000082400000, 0x0000000100000000)
  region size 1024K, 2 young (2048K), 2 survivors (2048K)
 Metaspace       used 41645K, committed 42304K, reserved 1114112K
  class space    used 5433K, committed 5760K, reserved 1048576K
}

